<?xml version="1.0" encoding="UTF-8"?>
<!-- Generated by org.testng.reporters.JUnitReportReporter -->
<testsuite skipped="0" hostname="LAPTOP-LE02I758" name="com.test.hubspot.tests.HomePageTest" tests="3" failures="0" timestamp="17 Oct 2019 08:44:55 GMT" time="92.512" errors="0">
  <testcase name="validatedContactsIsDisplayedTest" time="28.479" classname="com.test.hubspot.tests.HomePageTest"/>
  <testcase name="validateNavigationToContactsTest" time="34.382" classname="com.test.hubspot.tests.HomePageTest"/>
  <testcase name="validateHomePageTitleTest" time="29.651" classname="com.test.hubspot.tests.HomePageTest"/>
</testsuite> <!-- com.test.hubspot.tests.HomePageTest -->
