<?xml version="1.0" encoding="UTF-8"?>
<!-- Generated by org.testng.reporters.JUnitReportReporter -->
<testsuite skipped="0" hostname="LAPTOP-LE02I758" name="com.test.hubspot.tests.LoginPageTest" tests="3" failures="0" timestamp="17 Oct 2019 08:44:56 GMT" time="68.725" errors="0">
  <testcase name="loginPageTitleTest" time="16.377" classname="com.test.hubspot.tests.LoginPageTest"/>
  <testcase name="textboxIsDisplayedTest" time="21.634" classname="com.test.hubspot.tests.LoginPageTest"/>
  <testcase name="loginTest" time="30.714" classname="com.test.hubspot.tests.LoginPageTest"/>
</testsuite> <!-- com.test.hubspot.tests.LoginPageTest -->
