<?xml version="1.0" encoding="UTF-8"?>
<!-- Generated by org.testng.reporters.JUnitReportReporter -->
<testsuite skipped="0" hostname="LAPTOP-LE02I758" name="com.test.hubspot.tests.ContactsPageTest" tests="3" failures="0" timestamp="17 Oct 2019 08:44:56 GMT" time="93.251" errors="0">
  <testcase name="validateCreateContactBtnTest" time="31.288" classname="com.test.hubspot.tests.ContactsPageTest"/>
  <testcase name="validateContactsPageHeaderTest" time="33.465" classname="com.test.hubspot.tests.ContactsPageTest"/>
  <testcase name="validateContactsPageTitleTest" time="28.498" classname="com.test.hubspot.tests.ContactsPageTest"/>
</testsuite> <!-- com.test.hubspot.tests.ContactsPageTest -->
